{"message":"User Login","level":"info"}
{"message":"List of users","level":"info"}
{"message":"Get User Friends","level":"info"}
{"message":"List of users","level":"info"}
{"message":"Get User Friends","level":"info"}
{"message":"500 - userService.getAllUsers1 is not a function - /api/user/5f562122262b30150f12036c - GET - ::1","level":"error"}
{"message":"Get User Friends","level":"info"}
{"message":"500 - userService.getAllUsers1 is not a function - /api/user/5f562122262b30150f12036c - GET - ::1","level":"error"}
{"message":"Get User Friends","level":"info"}
{"message":"500 - userService.getAllUsers1 is not a function - /api/user/5f562122262b30150f12036c - GET - undefined - ::1","level":"error"}
{"message":"Get User Friends","level":"info"}
{"message":"500 - userService.getAllUsers1 is not a function - /api/user/5f562122262b30150f12036c - GET - ::1","level":"error"}
{"message":"Get User Friends","level":"info"}
{"message":"List of users","level":"info"}
{"message":"Get User Friends","level":"info"}
{"message":"List of users","level":"info"}
{"message":"Get User Friends","level":"info"}
{"message":"User Login","level":"info"}
{"message":"List of users","level":"info"}
{"message":"Get User Friends","level":"info"}
{"message":"List of users","level":"info"}
{"message":"Get User Friends","level":"info"}
{"message":"List of users","level":"info"}
{"message":"Get User Friends","level":"info"}
{"message":"List of users","level":"info"}
{"message":"Get User Friends","level":"info"}
{"message":"List of users","level":"info"}
{"message":"Get User Friends","level":"info"}
{"message":"List of users","level":"info"}
{"message":"Get User Friends","level":"info"}
{"message":"List of users","level":"info"}
{"message":"Get User Friends","level":"info"}
{"message":"List of users","level":"info"}
{"message":"Get User Friends","level":"info"}
{"message":"List of users","level":"info"}
{"message":"Get User Friends","level":"info"}
{"message":"List of users","level":"info"}
{"message":"Get User Friends","level":"info"}
{"message":"List of users","level":"info"}
{"message":"Get User Friends","level":"info"}
{"message":"List of users","level":"info"}
{"message":"Get User Friends","level":"info"}
{"message":"List of users","level":"info"}
{"message":"Get User Friends","level":"info"}
{"message":"List of users","level":"info"}
{"message":"Get User Friends","level":"info"}
{"message":"List of users","level":"info"}
{"message":"Get User Friends","level":"info"}
{"message":"List of users","level":"info"}
{"message":"Get User Friends","level":"info"}
{"message":"List of users","level":"info"}
{"message":"Get User Friends","level":"info"}
{"message":"List of users","level":"info"}
{"message":"Get User Friends","level":"info"}
{"message":"List of users","level":"info"}
{"message":"Get User Friends","level":"info"}
{"message":"List of users","level":"info"}
{"message":"Get User Friends","level":"info"}
{"message":"List of users","level":"info"}
{"message":"Get User Friends","level":"info"}
{"message":"List of users","level":"info"}
{"message":"Get User Friends","level":"info"}
{"message":"List of users","level":"info"}
{"message":"Get User Friends","level":"info"}
{"message":"List of users","level":"info"}
{"message":"Get User Friends","level":"info"}
{"message":"List of users","level":"info"}
{"message":"Get User Friends","level":"info"}
{"message":"List of users","level":"info"}
{"message":"Get User Friends","level":"info"}
{"message":"List of users","level":"info"}
{"message":"Get User Friends","level":"info"}
{"message":"List of users","level":"info"}
{"message":"Get User Friends","level":"info"}
{"message":"List of users","level":"info"}
{"message":"Get User Friends","level":"info"}
